Drill report for PonchoRema.kicad_pcb
Created on 2024-04-12T11:28:06-0300

Copper Layer Stackup:
    =============================================================
    L1 :  F.Cu                      front
    L2 :  B.Cu                      back


Drill file 'PonchoRema-PTH.drl' contains
    plated through holes:
    =============================================================
    T1  0.800mm  0.0315"  (66 holes)
    T2  1.000mm  0.0394"  (2 holes)
    T3  1.000mm  0.0394"  (98 holes)
    T4  1.020mm  0.0402"  (43 holes)
    T5  1.100mm  0.0433"  (8 holes)
    T6  4.000mm  0.1575"  (4 holes)

    Total plated holes count 221


Drill file 'PonchoRema-NPTH.drl' contains
    unplated through holes:
    =============================================================
    T1  1.500mm  0.0591"  (2 holes)
    T2  1.800mm  0.0709"  (2 holes)

    Total unplated holes count 4
